<?xml version="1.0" encoding="UTF-8"?>
<testsuite name="com.adreward.ktir.IRScannerTest" tests="2" skipped="0" failures="0" errors="0" timestamp="2025-06-26T18:01:44.343Z" hostname="mac-{{serial-number}}" time="0.044">
  <properties/>
  <testcase name="testDeduplication()" classname="com.adreward.ktir.IRScannerTest" time="0.041"/>
  <testcase name="testAddHit()" classname="com.adreward.ktir.IRScannerTest" time="0.002"/>
  <system-out><![CDATA[]]></system-out>
  <system-err><![CDATA[]]></system-err>
</testsuite>
